rm -f bubble.o gfa.o vertex.o path.o connectivity.o graph.o main.o edge.o
rm -f gfaGlimpse.exe
g++ -Wall -Ofast -std=c++1z -fopenmp -o edge.o -c edge.cpp
g++ -Wall -Ofast -std=c++1z -fopenmp -o bubble.o -c bubble.cpp
g++ -Wall -Ofast -std=c++1z -fopenmp -o gfa.o -c gfa.cpp
g++ -Wall -Ofast -std=c++1z -fopenmp -o vertex.o -c vertex.cpp
g++ -Wall -Ofast -std=c++1z -fopenmp -o path.o -c path.cpp
g++ -Wall -Ofast -std=c++1z -fopenmp -o connectivity.o -c connectivity.cpp
g++ -Wall -Ofast -std=c++1z -fopenmp -o graph.o -c graph.cpp
g++ -Wall -Ofast -std=c++1z -fopenmp -o main.o -c main.cpp
path.cpp: In member function ‘void Growth::statGrowth(const string&)’:
path.cpp:202:11: warning: unused variable ‘pipe1’ [-Wunused-variable]
  202 |     FILE* pipe1 = popen(commandHtml.c_str(), "r");
      |           ^~~~~
bubble.cpp: In member function ‘void Bubble::bfs(int, int, const BiedgedGraph&, int)’:
bubble.cpp:186:8: warning: unused variable ‘nowdi’ [-Wunused-variable]
  186 |    int nowdi = q.front().second;
      |        ^~~~~
bubble.cpp: In member function ‘void Bubble::findBubble(const BiedgedGraph&, int)’:
bubble.cpp:233:22: warning: suggest parentheses around ‘-’ in operand of ‘&’ [-Wparentheses]
  233 |   bfs((i + 1) / 2, 1 - i & 1, biedgedGraph, is_dibigraph);
      |                    ~~^~~
bubble.cpp:259:22: warning: comparison of integer expressions of different signedness: ‘int’ and ‘std::vector<int>::size_type’ {aka ‘long unsigned int’} [-Wsign-compare]
  259 |    for (int i = 1; i < p.inside.size(); i++) {
      |                    ~~^~~~~~~~~~~~~~~~~
bubble.cpp:273:22: warning: comparison of integer expressions of different signedness: ‘int’ and ‘std::vector<int>::size_type’ {aka ‘long unsigned int’} [-Wsign-compare]
  273 |    for (int i = 1; i < p.inside.size(); i++) {
      |                    ~~^~~~~~~~~~~~~~~~~
edge.cpp: In member function ‘void Cycle::findCycleInDirected(int, const std::vector<int>&, const std::vector<std::set<int> >&)’:
edge.cpp:295:21: warning: unused variable ‘preFinished’ [-Wunused-variable]
  295 |                 int preFinished = path.back();
      |                     ^~~~~~~~~~~
edge.cpp:230:14: warning: variable ‘found’ set but not used [-Wunused-but-set-variable]
  230 |         bool found = 1;
      |              ^~~~~
main.cpp: In function ‘int main(int, char**)’:
main.cpp:36:9: warning: variable ‘threads’ set but not used [-Wunused-but-set-variable]
   36 |     int threads = 1;
      |         ^~~~~~~
g++ -Wall -Ofast -std=c++1z -fopenmp -o gfaGlimpse.exe edge.o bubble.o gfa.o vertex.o path.o connectivity.o graph.o main.o
