[2024-09-17T15:53:21Z INFO  panacus::cli] running panacus on 4 threads
[2024-09-17T15:53:21Z INFO  panacus::cli] constructing indexes for node/edge IDs, node lengths, and P/W lines..
[2024-09-17T15:53:22Z INFO  panacus::cli] ..done; found 10 paths/walks and 13290 nodes 18076 edges
[2024-09-17T15:53:22Z INFO  panacus::cli] loading data from group / subset / exclude files
[2024-09-17T15:53:22Z INFO  panacus::abacus] loading coordinates from ../data/gfa/paths.haplotypes.txt
[2024-09-17T15:53:22Z INFO  panacus::cli] loading graph from ../example/01_dm_pggb.gfa
[2024-09-17T15:53:22Z INFO  panacus::abacus] parsing path + walk sequences
[2024-09-17T15:53:22Z INFO  panacus::abacus] counting abacus entries..
[2024-09-17T15:53:22Z INFO  panacus::cli] abacus has 10 path groups and 13291 countables
[2024-09-17T15:53:22Z INFO  panacus::cli] loading graph from ../example/01_dm_pggb.gfa
[2024-09-17T15:53:22Z INFO  panacus::abacus] parsing path + walk sequences
[2024-09-17T15:53:22Z INFO  panacus::abacus] counting abacus entries..
[2024-09-17T15:53:22Z INFO  panacus::cli] abacus has 10 path groups and 18077 countables
[2024-09-17T15:53:22Z INFO  panacus::cli] constructing bp histogram..
[2024-09-17T15:53:22Z INFO  panacus::cli] constructing node histogram..
[2024-09-17T15:53:22Z INFO  panacus::cli] constructing histogram..
[2024-09-17T15:53:22Z INFO  panacus::hist] calculating growth for coverage >= 1A and quorum >= 1R
[2024-09-17T15:53:22Z INFO  panacus::hist] calculating growth for coverage >= 1A and quorum >= 0R
[2024-09-17T15:53:22Z INFO  panacus::hist] calculating growth for coverage >= 2A and quorum >= 0R
[2024-09-17T15:53:22Z INFO  panacus::hist] calculating growth for coverage >= 2A and quorum >= 0R
[2024-09-17T15:53:22Z INFO  panacus::hist] calculating growth for coverage >= 1A and quorum >= 0.5R
[2024-09-17T15:53:22Z INFO  panacus::hist] calculating growth for coverage >= 1A and quorum >= 0R
[2024-09-17T15:53:22Z INFO  panacus::hist] calculating growth for coverage >= 1A and quorum >= 1R
[2024-09-17T15:53:22Z INFO  panacus::hist] calculating growth for coverage >= 2A and quorum >= 0R
[2024-09-17T15:53:22Z INFO  panacus::hist] calculating growth for coverage >= 1A and quorum >= 0R
[2024-09-17T15:53:22Z INFO  panacus::hist] calculating growth for coverage >= 1A and quorum >= 0.5R
[2024-09-17T15:53:22Z INFO  panacus::hist] calculating growth for coverage >= 1A and quorum >= 0.1R
[2024-09-17T15:53:22Z INFO  panacus::hist] calculating growth for coverage >= 1A and quorum >= 1R
[2024-09-17T15:53:22Z INFO  panacus::hist] calculating growth for coverage >= 1A and quorum >= 0.1R
[2024-09-17T15:53:22Z INFO  panacus::hist] calculating growth for coverage >= 1A and quorum >= 0.5R
[2024-09-17T15:53:22Z INFO  panacus::hist] calculating growth for coverage >= 1A and quorum >= 0.1R
[2024-09-17T15:53:22Z INFO  panacus::cli] reporting (hist-)growth table
[2024-09-17T15:53:22Z INFO  panacus] done; time elapsed: 99.22902ms 
2Z INFO  panacus::hist] calculating growth for coverage >= 1A and quorum >= 0.5R
[2024-09-17T15:53:22Z INFO  panacus::hist] calculating growth for coverage >= 1A and quorum >= 0.1R
[2024-09-17T15:53:22Z INFO  panacus::cli] reporting (hist-)growth table
[2024-09-17T15:53:22Z INFO  panacus] done; time elapsed: 93.364684ms 
